<?xml version="1.0" encoding="UTF-8"?>
<!-- Generated by org.testng.reporters.JUnitXMLReporter -->
<testsuite ignored="0" hostname="LAPTOP-J1RFS02R" failures="0" tests="12" name="Default test" time="16.563" errors="0" timestamp="2025-12-13T02:26:44 IST">
  <testcase classname="api.testcases.UserTestDD" name="testCreateUser" time="2.539"/>
  <testcase classname="api.testcases.UserTestDD" name="testCreateUser" time="1.206"/>
  <testcase classname="api.testcases.UserTestDD" name="testCreateUser" time="1.155"/>
  <testcase classname="api.testcases.UserTestDD" name="testCreateUser" time="1.199"/>
  <testcase classname="api.testcases.UserTestDD" name="testGetUser" time="1.231"/>
  <testcase classname="api.testcases.UserTestDD" name="testGetUser" time="1.178"/>
  <testcase classname="api.testcases.UserTestDD" name="testGetUser" time="1.189"/>
  <testcase classname="api.testcases.UserTestDD" name="testGetUser" time="1.215"/>
  <testcase classname="api.testcases.UserTestDD" name="testDeleteUser" time="1.152"/>
  <testcase classname="api.testcases.UserTestDD" name="testDeleteUser" time="1.2"/>
  <testcase classname="api.testcases.UserTestDD" name="testDeleteUser" time="1.186"/>
  <testcase classname="api.testcases.UserTestDD" name="testDeleteUser" time="1.177"/>
</testsuite> <!-- Default test -->
