<?xml version="1.0" encoding="UTF-8"?>
<!-- Generated by org.testng.reporters.JUnitXMLReporter -->
<testsuite ignored="0" hostname="LAPTOP-J1RFS02R" failures="0" tests="12" name="Default test" time="19.868" errors="0" timestamp="2025-12-12T19:40:35 IST">
  <testcase classname="api.testcases.UserTestDD" name="testCreateUser" time="3.101"/>
  <testcase classname="api.testcases.UserTestDD" name="testCreateUser" time="1.478"/>
  <testcase classname="api.testcases.UserTestDD" name="testCreateUser" time="1.254"/>
  <testcase classname="api.testcases.UserTestDD" name="testCreateUser" time="1.39"/>
  <testcase classname="api.testcases.UserTestDD" name="testGetUser" time="1.522"/>
  <testcase classname="api.testcases.UserTestDD" name="testGetUser" time="1.383"/>
  <testcase classname="api.testcases.UserTestDD" name="testGetUser" time="1.427"/>
  <testcase classname="api.testcases.UserTestDD" name="testGetUser" time="1.408"/>
  <testcase classname="api.testcases.UserTestDD" name="testDeleteUser" time="1.226"/>
  <testcase classname="api.testcases.UserTestDD" name="testDeleteUser" time="1.284"/>
  <testcase classname="api.testcases.UserTestDD" name="testDeleteUser" time="1.429"/>
  <testcase classname="api.testcases.UserTestDD" name="testDeleteUser" time="1.33"/>
</testsuite> <!-- Default test -->
