<?xml version="1.0" encoding="UTF-8"?>
<!-- Generated by org.testng.reporters.JUnitXMLReporter -->
<testsuite ignored="0" hostname="LAPTOP-J1RFS02R" failures="0" tests="4" name="Test" time="7.649" errors="0" timestamp="2025-12-13T02:31:33 IST">
  <testcase classname="api.testcases.UserTest" name="testCreateUser" time="2.375"/>
  <testcase classname="api.testcases.UserTest" name="testGetUser" time="1.24"/>
  <testcase classname="api.testcases.UserTest" name="testUpdateUser" time="2.465"/>
  <testcase classname="api.testcases.UserTest" name="testDeleteUser" time="1.2"/>
</testsuite> <!-- Test -->
