<?xml version="1.0" encoding="UTF-8"?>
<!-- Generated by org.testng.reporters.JUnitXMLReporter -->
<testsuite ignored="0" hostname="LAPTOP-J1RFS02R" failures="0" tests="16" name="Test" time="30.985" errors="0" timestamp="2025-12-13T03:09:05 IST">
  <testcase classname="api.testcases.UserTest" name="testCreateUser" time="3.065"/>
  <testcase classname="api.testcases.UserTest" name="testGetUser" time="1.563"/>
  <testcase classname="api.testcases.UserTest" name="testUpdateUser" time="3.057"/>
  <testcase classname="api.testcases.UserTest" name="testDeleteUser" time="1.531"/>
  <testcase classname="api.testcases.UserTestDD" name="testCreateUser" time="1.612"/>
  <testcase classname="api.testcases.UserTestDD" name="testCreateUser" time="1.606"/>
  <testcase classname="api.testcases.UserTestDD" name="testCreateUser" time="1.375"/>
  <testcase classname="api.testcases.UserTestDD" name="testCreateUser" time="1.574"/>
  <testcase classname="api.testcases.UserTestDD" name="testGetUser" time="1.504"/>
  <testcase classname="api.testcases.UserTestDD" name="testGetUser" time="1.524"/>
  <testcase classname="api.testcases.UserTestDD" name="testGetUser" time="1.532"/>
  <testcase classname="api.testcases.UserTestDD" name="testGetUser" time="1.532"/>
  <testcase classname="api.testcases.UserTestDD" name="testDeleteUser" time="1.3"/>
  <testcase classname="api.testcases.UserTestDD" name="testDeleteUser" time="1.5"/>
  <testcase classname="api.testcases.UserTestDD" name="testDeleteUser" time="1.531"/>
  <testcase classname="api.testcases.UserTestDD" name="testDeleteUser" time="1.429"/>
</testsuite> <!-- Test -->
