<?xml version="1.0" encoding="UTF-8"?>
<!-- Generated by org.testng.reporters.JUnitXMLReporter -->
<testsuite ignored="0" hostname="LAPTOP-J1RFS02R" failures="0" tests="16" name="Test" time="29.06" errors="0" timestamp="2025-12-13T08:21:45 IST">
  <testcase classname="api.testcases.UserTest" name="testCreateUser" time="2.939"/>
  <testcase classname="api.testcases.UserTest" name="testGetUser" time="1.481"/>
  <testcase classname="api.testcases.UserTest" name="testUpdateUser" time="3.041"/>
  <testcase classname="api.testcases.UserTest" name="testDeleteUser" time="1.426"/>
  <testcase classname="api.testcases.UserTestDD" name="testCreateUser" time="1.55"/>
  <testcase classname="api.testcases.UserTestDD" name="testCreateUser" time="1.45"/>
  <testcase classname="api.testcases.UserTestDD" name="testCreateUser" time="1.513"/>
  <testcase classname="api.testcases.UserTestDD" name="testCreateUser" time="1.531"/>
  <testcase classname="api.testcases.UserTestDD" name="testGetUser" time="1.53"/>
  <testcase classname="api.testcases.UserTestDD" name="testGetUser" time="1.525"/>
  <testcase classname="api.testcases.UserTestDD" name="testGetUser" time="1.54"/>
  <testcase classname="api.testcases.UserTestDD" name="testGetUser" time="1.529"/>
  <testcase classname="api.testcases.UserTestDD" name="testDeleteUser" time="1.44"/>
  <testcase classname="api.testcases.UserTestDD" name="testDeleteUser" time="1.432"/>
  <testcase classname="api.testcases.UserTestDD" name="testDeleteUser" time="1.536"/>
  <testcase classname="api.testcases.UserTestDD" name="testDeleteUser" time="1.431"/>
</testsuite> <!-- Test -->
