<?xml version="1.0" encoding="UTF-8"?>
<!-- Generated by org.testng.reporters.JUnitXMLReporter -->
<testsuite ignored="0" hostname="LAPTOP-J1RFS02R" failures="0" tests="4" name="Test" time="9.778" errors="0" timestamp="2025-12-13T07:22:50 IST">
  <testcase classname="api.testcases.UserTest" name="testCreateUser" time="3.071"/>
  <testcase classname="api.testcases.UserTest" name="testGetUser" time="1.547"/>
  <testcase classname="api.testcases.UserTest" name="testUpdateUser" time="2.873"/>
  <testcase classname="api.testcases.UserTest" name="testDeleteUser" time="1.419"/>
</testsuite> <!-- Test -->
