<?xml version="1.0" encoding="UTF-8"?>
<testsuite xmlns:xsi="http://www.w3.org/2001/XMLSchema-instance" xsi:noNamespaceSchemaLocation="https://maven.apache.org/surefire/maven-surefire-plugin/xsd/surefire-test-report.xsd" version="3.0.2" name="TestSuite" time="32.866" tests="16" errors="0" skipped="0" failures="0">
  <properties>
[...]
</properties>
  <testcase name="testCreateUser" classname="api.testcases.UserTest" time="3.573">
    <system-out><![CDATA[On Start method invoked....
Name of test method started:testCreateUser
HTTP/1.1 200 OK
Date: Sat, 13 Dec 2025 02:56:59 GMT
Content-Type: application/json
Transfer-Encoding: chunked
Connection: keep-alive
Access-Control-Allow-Origin: *
Access-Control-Allow-Methods: GET, POST, DELETE, PUT
Access-Control-Allow-Headers: Content-Type, api_key, Authorization
Server: Jetty(9.2.9.v20150224)

{
    "code": 200,
    "type": "unknown",
    "message": "1550228904"
}
[INFO ] 2025-12-13 08:27:01.989 [main] RestAssuredAutomationFramework - Create User executed. Modified for jenkins test
Name of test method sucessfully executed:testCreateUser
]]></system-out>
    <system-err><![CDATA[SLF4J(W): No SLF4J providers were found.
SLF4J(W): Defaulting to no-operation (NOP) logger implementation
SLF4J(W): See https://www.slf4j.org/codes.html#noProviders for further details.
]]></system-err>
  </testcase>
  <testcase name="testGetUser" classname="api.testcases.UserTest" time="1.63">
    <system-out><![CDATA[Name of test method started:testGetUser
Read User Data
HTTP/1.1 200 OK
Date: Sat, 13 Dec 2025 02:57:01 GMT
Content-Type: application/json
Transfer-Encoding: chunked
Connection: keep-alive
Access-Control-Allow-Origin: *
Access-Control-Allow-Methods: GET, POST, DELETE, PUT
Access-Control-Allow-Headers: Content-Type, api_key, Authorization
Server: Jetty(9.2.9.v20150224)

{
    "id": 1550228904,
    "username": "charity.volkman",
    "firstName": "Glenda",
    "lastName": "Reichel",
    "email": "bernie.reynolds@example.com",
    "password": "i0fawig",
    "phone": "771.872.3477",
    "userStatus": 0
}
[INFO ] 2025-12-13 08:27:03.661 [main] RestAssuredAutomationFramework - Get User executed
Name of test method sucessfully executed:testGetUser
]]></system-out>
  </testcase>
  <testcase name="testUpdateUser" classname="api.testcases.UserTest" time="3.161">
    <system-out><![CDATA[Name of test method started:testUpdateUser
HTTP/1.1 200 OK
Date: Sat, 13 Dec 2025 02:57:03 GMT
Content-Type: application/json
Transfer-Encoding: chunked
Connection: keep-alive
Access-Control-Allow-Origin: *
Access-Control-Allow-Methods: GET, POST, DELETE, PUT
Access-Control-Allow-Headers: Content-Type, api_key, Authorization
Server: Jetty(9.2.9.v20150224)

{
    "code": 200,
    "type": "unknown",
    "message": "1550228904"
}
After Update User Data
HTTP/1.1 200 OK
Date: Sat, 13 Dec 2025 02:57:04 GMT
Content-Type: application/json
Transfer-Encoding: chunked
Connection: keep-alive
Access-Control-Allow-Origin: *
Access-Control-Allow-Methods: GET, POST, DELETE, PUT
Access-Control-Allow-Headers: Content-Type, api_key, Authorization
Server: Jetty(9.2.9.v20150224)

{
    "id": 1550228904,
    "username": "charity.volkman",
    "firstName": "Cyrus",
    "lastName": "Reichel",
    "email": "bernie.reynolds@example.com",
    "password": "i0fawig",
    "phone": "771.872.3477",
    "userStatus": 0
}
[INFO ] 2025-12-13 08:27:06.811 [main] RestAssuredAutomationFramework - Update User executed
Name of test method sucessfully executed:testUpdateUser
]]></system-out>
  </testcase>
  <testcase name="testDeleteUser" classname="api.testcases.UserTest" time="1.554">
    <system-out><![CDATA[Name of test method started:testDeleteUser
Delete User Data
HTTP/1.1 200 OK
Date: Sat, 13 Dec 2025 02:57:06 GMT
Content-Type: application/json
Transfer-Encoding: chunked
Connection: keep-alive
Access-Control-Allow-Origin: *
Access-Control-Allow-Methods: GET, POST, DELETE, PUT
Access-Control-Allow-Headers: Content-Type, api_key, Authorization
Server: Jetty(9.2.9.v20150224)

{
    "code": 200,
    "type": "unknown",
    "message": "charity.volkman"
}
[INFO ] 2025-12-13 08:27:08.344 [main] RestAssuredAutomationFramework - Delete User executed
Name of test method sucessfully executed:testDeleteUser
]]></system-out>
  </testcase>
  <testcase name="testCreateUser[101, user1, Rita, Gupta, a@gmail.com, test@1, 1234567897](1)" classname="api.testcases.UserTestDD" time="1.575">
    <system-out><![CDATA[[DEBUG] 2025-12-13 08:27:08.754 [main] PackageRelationshipCollection - Parsing relationship: /xl/_rels/workbook.xml.rels
[DEBUG] 2025-12-13 08:27:08.767 [main] PackageRelationshipCollection - Parsing relationship: /xl/worksheets/_rels/sheet1.xml.rels
[DEBUG] 2025-12-13 08:27:08.776 [main] PackageRelationshipCollection - Parsing relationship: /_rels/.rels
[DEBUG] 2025-12-13 08:27:10.033 [main] PackageRelationshipCollection - Parsing relationship: /xl/_rels/workbook.xml.rels
[DEBUG] 2025-12-13 08:27:10.045 [main] PackageRelationshipCollection - Parsing relationship: /xl/worksheets/_rels/sheet1.xml.rels
[DEBUG] 2025-12-13 08:27:10.050 [main] PackageRelationshipCollection - Parsing relationship: /_rels/.rels
[DEBUG] 2025-12-13 08:27:10.145 [main] PackageRelationshipCollection - Parsing relationship: /xl/_rels/workbook.xml.rels
[DEBUG] 2025-12-13 08:27:10.147 [main] PackageRelationshipCollection - Parsing relationship: /xl/worksheets/_rels/sheet1.xml.rels
[DEBUG] 2025-12-13 08:27:10.155 [main] PackageRelationshipCollection - Parsing relationship: /_rels/.rels
[DEBUG] 2025-12-13 08:27:10.314 [main] PackageRelationshipCollection - Parsing relationship: /xl/_rels/workbook.xml.rels
[DEBUG] 2025-12-13 08:27:10.318 [main] PackageRelationshipCollection - Parsing relationship: /xl/worksheets/_rels/sheet1.xml.rels
[DEBUG] 2025-12-13 08:27:10.324 [main] PackageRelationshipCollection - Parsing relationship: /_rels/.rels
[DEBUG] 2025-12-13 08:27:10.411 [main] PackageRelationshipCollection - Parsing relationship: /xl/_rels/workbook.xml.rels
[DEBUG] 2025-12-13 08:27:10.418 [main] PackageRelationshipCollection - Parsing relationship: /xl/worksheets/_rels/sheet1.xml.rels
[DEBUG] 2025-12-13 08:27:10.421 [main] PackageRelationshipCollection - Parsing relationship: /_rels/.rels
[DEBUG] 2025-12-13 08:27:10.504 [main] PackageRelationshipCollection - Parsing relationship: /xl/_rels/workbook.xml.rels
[DEBUG] 2025-12-13 08:27:10.512 [main] PackageRelationshipCollection - Parsing relationship: /xl/worksheets/_rels/sheet1.xml.rels
[DEBUG] 2025-12-13 08:27:10.515 [main] PackageRelationshipCollection - Parsing relationship: /_rels/.rels
[DEBUG] 2025-12-13 08:27:10.583 [main] PackageRelationshipCollection - Parsing relationship: /xl/_rels/workbook.xml.rels
[DEBUG] 2025-12-13 08:27:10.583 [main] PackageRelationshipCollection - Parsing relationship: /xl/worksheets/_rels/sheet1.xml.rels
[DEBUG] 2025-12-13 08:27:10.583 [main] PackageRelationshipCollection - Parsing relationship: /_rels/.rels
[DEBUG] 2025-12-13 08:27:10.632 [main] PackageRelationshipCollection - Parsing relationship: /xl/_rels/workbook.xml.rels
[DEBUG] 2025-12-13 08:27:10.635 [main] PackageRelationshipCollection - Parsing relationship: /xl/worksheets/_rels/sheet1.xml.rels
[DEBUG] 2025-12-13 08:27:10.642 [main] PackageRelationshipCollection - Parsing relationship: /_rels/.rels
[DEBUG] 2025-12-13 08:27:10.720 [main] PackageRelationshipCollection - Parsing relationship: /xl/_rels/workbook.xml.rels
[DEBUG] 2025-12-13 08:27:10.720 [main] PackageRelationshipCollection - Parsing relationship: /xl/worksheets/_rels/sheet1.xml.rels
[DEBUG] 2025-12-13 08:27:10.737 [main] PackageRelationshipCollection - Parsing relationship: /_rels/.rels
[DEBUG] 2025-12-13 08:27:10.809 [main] PackageRelationshipCollection - Parsing relationship: /xl/_rels/workbook.xml.rels
[DEBUG] 2025-12-13 08:27:10.814 [main] PackageRelationshipCollection - Parsing relationship: /xl/worksheets/_rels/sheet1.xml.rels
[DEBUG] 2025-12-13 08:27:10.819 [main] PackageRelationshipCollection - Parsing relationship: /_rels/.rels
[DEBUG] 2025-12-13 08:27:10.891 [main] PackageRelationshipCollection - Parsing relationship: /xl/_rels/workbook.xml.rels
[DEBUG] 2025-12-13 08:27:10.891 [main] PackageRelationshipCollection - Parsing relationship: /xl/worksheets/_rels/sheet1.xml.rels
[DEBUG] 2025-12-13 08:27:10.892 [main] PackageRelationshipCollection - Parsing relationship: /_rels/.rels
[DEBUG] 2025-12-13 08:27:10.938 [main] PackageRelationshipCollection - Parsing relationship: /xl/_rels/workbook.xml.rels
[DEBUG] 2025-12-13 08:27:10.945 [main] PackageRelationshipCollection - Parsing relationship: /xl/worksheets/_rels/sheet1.xml.rels
[DEBUG] 2025-12-13 08:27:10.945 [main] PackageRelationshipCollection - Parsing relationship: /_rels/.rels
[DEBUG] 2025-12-13 08:27:11.005 [main] PackageRelationshipCollection - Parsing relationship: /xl/_rels/workbook.xml.rels
[DEBUG] 2025-12-13 08:27:11.005 [main] PackageRelationshipCollection - Parsing relationship: /xl/worksheets/_rels/sheet1.xml.rels
[DEBUG] 2025-12-13 08:27:11.019 [main] PackageRelationshipCollection - Parsing relationship: /_rels/.rels
[DEBUG] 2025-12-13 08:27:11.065 [main] PackageRelationshipCollection - Parsing relationship: /xl/_rels/workbook.xml.rels
[DEBUG] 2025-12-13 08:27:11.065 [main] PackageRelationshipCollection - Parsing relationship: /xl/worksheets/_rels/sheet1.xml.rels
[DEBUG] 2025-12-13 08:27:11.080 [main] PackageRelationshipCollection - Parsing relationship: /_rels/.rels
[DEBUG] 2025-12-13 08:27:11.138 [main] PackageRelationshipCollection - Parsing relationship: /xl/_rels/workbook.xml.rels
[DEBUG] 2025-12-13 08:27:11.138 [main] PackageRelationshipCollection - Parsing relationship: /xl/worksheets/_rels/sheet1.xml.rels
[DEBUG] 2025-12-13 08:27:11.138 [main] PackageRelationshipCollection - Parsing relationship: /_rels/.rels
[DEBUG] 2025-12-13 08:27:11.216 [main] PackageRelationshipCollection - Parsing relationship: /xl/_rels/workbook.xml.rels
[DEBUG] 2025-12-13 08:27:11.219 [main] PackageRelationshipCollection - Parsing relationship: /xl/worksheets/_rels/sheet1.xml.rels
[DEBUG] 2025-12-13 08:27:11.226 [main] PackageRelationshipCollection - Parsing relationship: /_rels/.rels
[DEBUG] 2025-12-13 08:27:11.319 [main] PackageRelationshipCollection - Parsing relationship: /xl/_rels/workbook.xml.rels
[DEBUG] 2025-12-13 08:27:11.321 [main] PackageRelationshipCollection - Parsing relationship: /xl/worksheets/_rels/sheet1.xml.rels
[DEBUG] 2025-12-13 08:27:11.321 [main] PackageRelationshipCollection - Parsing relationship: /_rels/.rels
[DEBUG] 2025-12-13 08:27:11.372 [main] PackageRelationshipCollection - Parsing relationship: /xl/_rels/workbook.xml.rels
[DEBUG] 2025-12-13 08:27:11.372 [main] PackageRelationshipCollection - Parsing relationship: /xl/worksheets/_rels/sheet1.xml.rels
[DEBUG] 2025-12-13 08:27:11.382 [main] PackageRelationshipCollection - Parsing relationship: /_rels/.rels
[DEBUG] 2025-12-13 08:27:11.419 [main] PackageRelationshipCollection - Parsing relationship: /xl/_rels/workbook.xml.rels
[DEBUG] 2025-12-13 08:27:11.419 [main] PackageRelationshipCollection - Parsing relationship: /xl/worksheets/_rels/sheet1.xml.rels
[DEBUG] 2025-12-13 08:27:11.429 [main] PackageRelationshipCollection - Parsing relationship: /_rels/.rels
[DEBUG] 2025-12-13 08:27:11.461 [main] PackageRelationshipCollection - Parsing relationship: /xl/_rels/workbook.xml.rels
[DEBUG] 2025-12-13 08:27:11.461 [main] PackageRelationshipCollection - Parsing relationship: /xl/worksheets/_rels/sheet1.xml.rels
[DEBUG] 2025-12-13 08:27:11.461 [main] PackageRelationshipCollection - Parsing relationship: /_rels/.rels
[DEBUG] 2025-12-13 08:27:11.509 [main] PackageRelationshipCollection - Parsing relationship: /xl/_rels/workbook.xml.rels
[DEBUG] 2025-12-13 08:27:11.509 [main] PackageRelationshipCollection - Parsing relationship: /xl/worksheets/_rels/sheet1.xml.rels
[DEBUG] 2025-12-13 08:27:11.519 [main] PackageRelationshipCollection - Parsing relationship: /_rels/.rels
[DEBUG] 2025-12-13 08:27:11.561 [main] PackageRelationshipCollection - Parsing relationship: /xl/_rels/workbook.xml.rels
[DEBUG] 2025-12-13 08:27:11.561 [main] PackageRelationshipCollection - Parsing relationship: /xl/worksheets/_rels/sheet1.xml.rels
[DEBUG] 2025-12-13 08:27:11.561 [main] PackageRelationshipCollection - Parsing relationship: /_rels/.rels
[DEBUG] 2025-12-13 08:27:11.604 [main] PackageRelationshipCollection - Parsing relationship: /xl/_rels/workbook.xml.rels
[DEBUG] 2025-12-13 08:27:11.604 [main] PackageRelationshipCollection - Parsing relationship: /xl/worksheets/_rels/sheet1.xml.rels
[DEBUG] 2025-12-13 08:27:11.604 [main] PackageRelationshipCollection - Parsing relationship: /_rels/.rels
[DEBUG] 2025-12-13 08:27:11.646 [main] PackageRelationshipCollection - Parsing relationship: /xl/_rels/workbook.xml.rels
[DEBUG] 2025-12-13 08:27:11.646 [main] PackageRelationshipCollection - Parsing relationship: /xl/worksheets/_rels/sheet1.xml.rels
[DEBUG] 2025-12-13 08:27:11.650 [main] PackageRelationshipCollection - Parsing relationship: /_rels/.rels
[DEBUG] 2025-12-13 08:27:11.711 [main] PackageRelationshipCollection - Parsing relationship: /xl/_rels/workbook.xml.rels
[DEBUG] 2025-12-13 08:27:11.713 [main] PackageRelationshipCollection - Parsing relationship: /xl/worksheets/_rels/sheet1.xml.rels
[DEBUG] 2025-12-13 08:27:11.715 [main] PackageRelationshipCollection - Parsing relationship: /_rels/.rels
[DEBUG] 2025-12-13 08:27:11.745 [main] PackageRelationshipCollection - Parsing relationship: /xl/_rels/workbook.xml.rels
[DEBUG] 2025-12-13 08:27:11.745 [main] PackageRelationshipCollection - Parsing relationship: /xl/worksheets/_rels/sheet1.xml.rels
[DEBUG] 2025-12-13 08:27:11.745 [main] PackageRelationshipCollection - Parsing relationship: /_rels/.rels
[DEBUG] 2025-12-13 08:27:11.809 [main] PackageRelationshipCollection - Parsing relationship: /xl/_rels/workbook.xml.rels
[DEBUG] 2025-12-13 08:27:11.817 [main] PackageRelationshipCollection - Parsing relationship: /xl/worksheets/_rels/sheet1.xml.rels
[DEBUG] 2025-12-13 08:27:11.817 [main] PackageRelationshipCollection - Parsing relationship: /_rels/.rels
[DEBUG] 2025-12-13 08:27:11.862 [main] PackageRelationshipCollection - Parsing relationship: /xl/_rels/workbook.xml.rels
[DEBUG] 2025-12-13 08:27:11.862 [main] PackageRelationshipCollection - Parsing relationship: /xl/worksheets/_rels/sheet1.xml.rels
[DEBUG] 2025-12-13 08:27:11.862 [main] PackageRelationshipCollection - Parsing relationship: /_rels/.rels
[DEBUG] 2025-12-13 08:27:11.910 [main] PackageRelationshipCollection - Parsing relationship: /xl/_rels/workbook.xml.rels
[DEBUG] 2025-12-13 08:27:11.910 [main] PackageRelationshipCollection - Parsing relationship: /xl/worksheets/_rels/sheet1.xml.rels
[DEBUG] 2025-12-13 08:27:11.920 [main] PackageRelationshipCollection - Parsing relationship: /_rels/.rels
[DEBUG] 2025-12-13 08:27:11.956 [main] PackageRelationshipCollection - Parsing relationship: /xl/_rels/workbook.xml.rels
[DEBUG] 2025-12-13 08:27:11.956 [main] PackageRelationshipCollection - Parsing relationship: /xl/worksheets/_rels/sheet1.xml.rels
[DEBUG] 2025-12-13 08:27:11.956 [main] PackageRelationshipCollection - Parsing relationship: /_rels/.rels
Name of test method started:testCreateUser
HTTP/1.1 200 OK
Date: Sat, 13 Dec 2025 02:57:11 GMT
Content-Type: application/json
Transfer-Encoding: chunked
Connection: keep-alive
Access-Control-Allow-Origin: *
Access-Control-Allow-Methods: GET, POST, DELETE, PUT
Access-Control-Allow-Headers: Content-Type, api_key, Authorization
Server: Jetty(9.2.9.v20150224)

{
    "code": 200,
    "type": "unknown",
    "message": "101"
}
Name of test method sucessfully executed:testCreateUser
]]></system-out>
  </testcase>
  <testcase name="testCreateUser[102, user2, Radha, Jain, b@gmail.com, test@2, 1234567897](2)" classname="api.testcases.UserTestDD" time="1.475">
    <system-out><![CDATA[Name of test method started:testCreateUser
HTTP/1.1 200 OK
Date: Sat, 13 Dec 2025 02:57:13 GMT
Content-Type: application/json
Transfer-Encoding: chunked
Connection: keep-alive
Access-Control-Allow-Origin: *
Access-Control-Allow-Methods: GET, POST, DELETE, PUT
Access-Control-Allow-Headers: Content-Type, api_key, Authorization
Server: Jetty(9.2.9.v20150224)

{
    "code": 200,
    "type": "unknown",
    "message": "102"
}
Name of test method sucessfully executed:testCreateUser
]]></system-out>
  </testcase>
  <testcase name="testCreateUser[103, user3, Smita, Pathak, c@gmail.com, test@3, 1234567897](3)" classname="api.testcases.UserTestDD" time="1.493">
    <system-out><![CDATA[Name of test method started:testCreateUser
HTTP/1.1 200 OK
Date: Sat, 13 Dec 2025 02:57:14 GMT
Content-Type: application/json
Transfer-Encoding: chunked
Connection: keep-alive
Access-Control-Allow-Origin: *
Access-Control-Allow-Methods: GET, POST, DELETE, PUT
Access-Control-Allow-Headers: Content-Type, api_key, Authorization
Server: Jetty(9.2.9.v20150224)

{
    "code": 200,
    "type": "unknown",
    "message": "103"
}
Name of test method sucessfully executed:testCreateUser
]]></system-out>
  </testcase>
  <testcase name="testCreateUser[104, user4, Renu, Shah, renu@gmail.com, test@4, 1234567897](4)" classname="api.testcases.UserTestDD" time="1.532">
    <system-out><![CDATA[Name of test method started:testCreateUser
HTTP/1.1 200 OK
Date: Sat, 13 Dec 2025 02:57:16 GMT
Content-Type: application/json
Transfer-Encoding: chunked
Connection: keep-alive
Access-Control-Allow-Origin: *
Access-Control-Allow-Methods: GET, POST, DELETE, PUT
Access-Control-Allow-Headers: Content-Type, api_key, Authorization
Server: Jetty(9.2.9.v20150224)

{
    "code": 200,
    "type": "unknown",
    "message": "104"
}
Name of test method sucessfully executed:testCreateUser
]]></system-out>
  </testcase>
  <testcase name="testGetUser[user1](1)" classname="api.testcases.UserTestDD" time="1.541">
    <system-out><![CDATA[[DEBUG] 2025-12-13 08:27:18.086 [main] PackageRelationshipCollection - Parsing relationship: /xl/_rels/workbook.xml.rels
[DEBUG] 2025-12-13 08:27:18.086 [main] PackageRelationshipCollection - Parsing relationship: /xl/worksheets/_rels/sheet1.xml.rels
[DEBUG] 2025-12-13 08:27:18.087 [main] PackageRelationshipCollection - Parsing relationship: /_rels/.rels
[DEBUG] 2025-12-13 08:27:18.104 [main] PackageRelationshipCollection - Parsing relationship: /xl/_rels/workbook.xml.rels
[DEBUG] 2025-12-13 08:27:18.105 [main] PackageRelationshipCollection - Parsing relationship: /xl/worksheets/_rels/sheet1.xml.rels
[DEBUG] 2025-12-13 08:27:18.105 [main] PackageRelationshipCollection - Parsing relationship: /_rels/.rels
[DEBUG] 2025-12-13 08:27:18.116 [main] PackageRelationshipCollection - Parsing relationship: /xl/_rels/workbook.xml.rels
[DEBUG] 2025-12-13 08:27:18.116 [main] PackageRelationshipCollection - Parsing relationship: /xl/worksheets/_rels/sheet1.xml.rels
[DEBUG] 2025-12-13 08:27:18.116 [main] PackageRelationshipCollection - Parsing relationship: /_rels/.rels
[DEBUG] 2025-12-13 08:27:18.129 [main] PackageRelationshipCollection - Parsing relationship: /xl/_rels/workbook.xml.rels
[DEBUG] 2025-12-13 08:27:18.129 [main] PackageRelationshipCollection - Parsing relationship: /xl/worksheets/_rels/sheet1.xml.rels
[DEBUG] 2025-12-13 08:27:18.132 [main] PackageRelationshipCollection - Parsing relationship: /_rels/.rels
[DEBUG] 2025-12-13 08:27:18.143 [main] PackageRelationshipCollection - Parsing relationship: /xl/_rels/workbook.xml.rels
[DEBUG] 2025-12-13 08:27:18.143 [main] PackageRelationshipCollection - Parsing relationship: /xl/worksheets/_rels/sheet1.xml.rels
[DEBUG] 2025-12-13 08:27:18.143 [main] PackageRelationshipCollection - Parsing relationship: /_rels/.rels
[DEBUG] 2025-12-13 08:27:18.166 [main] PackageRelationshipCollection - Parsing relationship: /xl/_rels/workbook.xml.rels
[DEBUG] 2025-12-13 08:27:18.166 [main] PackageRelationshipCollection - Parsing relationship: /xl/worksheets/_rels/sheet1.xml.rels
[DEBUG] 2025-12-13 08:27:18.166 [main] PackageRelationshipCollection - Parsing relationship: /_rels/.rels
Name of test method started:testGetUser
Delete User Data
HTTP/1.1 200 OK
Date: Sat, 13 Dec 2025 02:57:17 GMT
Content-Type: application/json
Transfer-Encoding: chunked
Connection: keep-alive
Access-Control-Allow-Origin: *
Access-Control-Allow-Methods: GET, POST, DELETE, PUT
Access-Control-Allow-Headers: Content-Type, api_key, Authorization
Server: Jetty(9.2.9.v20150224)

{
    "id": 101,
    "username": "user1",
    "firstName": "Rita",
    "lastName": "Gupta",
    "email": "a@gmail.com",
    "password": "test@1",
    "phone": "1234567897",
    "userStatus": 0
}
Name of test method sucessfully executed:testGetUser
]]></system-out>
  </testcase>
  <testcase name="testGetUser[user2](2)" classname="api.testcases.UserTestDD" time="1.535">
    <system-out><![CDATA[Name of test method started:testGetUser
Delete User Data
HTTP/1.1 200 OK
Date: Sat, 13 Dec 2025 02:57:19 GMT
Content-Type: application/json
Transfer-Encoding: chunked
Connection: keep-alive
Access-Control-Allow-Origin: *
Access-Control-Allow-Methods: GET, POST, DELETE, PUT
Access-Control-Allow-Headers: Content-Type, api_key, Authorization
Server: Jetty(9.2.9.v20150224)

{
    "id": 102,
    "username": "user2",
    "firstName": "Radha",
    "lastName": "Jain",
    "email": "b@gmail.com",
    "password": "test@2",
    "phone": "1234567897",
    "userStatus": 0
}
Name of test method sucessfully executed:testGetUser
]]></system-out>
  </testcase>
  <testcase name="testGetUser[user3](3)" classname="api.testcases.UserTestDD" time="1.548">
    <system-out><![CDATA[Name of test method started:testGetUser
Delete User Data
HTTP/1.1 200 OK
Date: Sat, 13 Dec 2025 02:57:20 GMT
Content-Type: application/json
Transfer-Encoding: chunked
Connection: keep-alive
Access-Control-Allow-Origin: *
Access-Control-Allow-Methods: GET, POST, DELETE, PUT
Access-Control-Allow-Headers: Content-Type, api_key, Authorization
Server: Jetty(9.2.9.v20150224)

{
    "id": 103,
    "username": "user3",
    "firstName": "Smita",
    "lastName": "Pathak",
    "email": "c@gmail.com",
    "password": "test@3",
    "phone": "1234567897",
    "userStatus": 0
}
Name of test method sucessfully executed:testGetUser
]]></system-out>
  </testcase>
  <testcase name="testGetUser[user4](4)" classname="api.testcases.UserTestDD" time="1.482">
    <system-out><![CDATA[Name of test method started:testGetUser
Delete User Data
HTTP/1.1 200 OK
Date: Sat, 13 Dec 2025 02:57:22 GMT
Content-Type: application/json
Transfer-Encoding: chunked
Connection: keep-alive
Access-Control-Allow-Origin: *
Access-Control-Allow-Methods: GET, POST, DELETE, PUT
Access-Control-Allow-Headers: Content-Type, api_key, Authorization
Server: Jetty(9.2.9.v20150224)

{
    "id": 104,
    "username": "user4",
    "firstName": "Renu",
    "lastName": "Shah",
    "email": "renu@gmail.com",
    "password": "test@4",
    "phone": "1234567897",
    "userStatus": 0
}
Name of test method sucessfully executed:testGetUser
]]></system-out>
  </testcase>
  <testcase name="testDeleteUser[user1](1)" classname="api.testcases.UserTestDD" time="1.41">
    <system-out><![CDATA[[DEBUG] 2025-12-13 08:27:24.234 [main] PackageRelationshipCollection - Parsing relationship: /xl/_rels/workbook.xml.rels
[DEBUG] 2025-12-13 08:27:24.234 [main] PackageRelationshipCollection - Parsing relationship: /xl/worksheets/_rels/sheet1.xml.rels
[DEBUG] 2025-12-13 08:27:24.234 [main] PackageRelationshipCollection - Parsing relationship: /_rels/.rels
[DEBUG] 2025-12-13 08:27:24.256 [main] PackageRelationshipCollection - Parsing relationship: /xl/_rels/workbook.xml.rels
[DEBUG] 2025-12-13 08:27:24.256 [main] PackageRelationshipCollection - Parsing relationship: /xl/worksheets/_rels/sheet1.xml.rels
[DEBUG] 2025-12-13 08:27:24.256 [main] PackageRelationshipCollection - Parsing relationship: /_rels/.rels
[DEBUG] 2025-12-13 08:27:24.264 [main] PackageRelationshipCollection - Parsing relationship: /xl/_rels/workbook.xml.rels
[DEBUG] 2025-12-13 08:27:24.264 [main] PackageRelationshipCollection - Parsing relationship: /xl/worksheets/_rels/sheet1.xml.rels
[DEBUG] 2025-12-13 08:27:24.264 [main] PackageRelationshipCollection - Parsing relationship: /_rels/.rels
[DEBUG] 2025-12-13 08:27:24.272 [main] PackageRelationshipCollection - Parsing relationship: /xl/_rels/workbook.xml.rels
[DEBUG] 2025-12-13 08:27:24.272 [main] PackageRelationshipCollection - Parsing relationship: /xl/worksheets/_rels/sheet1.xml.rels
[DEBUG] 2025-12-13 08:27:24.272 [main] PackageRelationshipCollection - Parsing relationship: /_rels/.rels
[DEBUG] 2025-12-13 08:27:24.280 [main] PackageRelationshipCollection - Parsing relationship: /xl/_rels/workbook.xml.rels
[DEBUG] 2025-12-13 08:27:24.282 [main] PackageRelationshipCollection - Parsing relationship: /xl/worksheets/_rels/sheet1.xml.rels
[DEBUG] 2025-12-13 08:27:24.284 [main] PackageRelationshipCollection - Parsing relationship: /_rels/.rels
[DEBUG] 2025-12-13 08:27:24.300 [main] PackageRelationshipCollection - Parsing relationship: /xl/_rels/workbook.xml.rels
[DEBUG] 2025-12-13 08:27:24.302 [main] PackageRelationshipCollection - Parsing relationship: /xl/worksheets/_rels/sheet1.xml.rels
[DEBUG] 2025-12-13 08:27:24.303 [main] PackageRelationshipCollection - Parsing relationship: /_rels/.rels
Name of test method started:testDeleteUser
Delete User Data
HTTP/1.1 200 OK
Date: Sat, 13 Dec 2025 02:57:23 GMT
Content-Type: application/json
Transfer-Encoding: chunked
Connection: keep-alive
Access-Control-Allow-Origin: *
Access-Control-Allow-Methods: GET, POST, DELETE, PUT
Access-Control-Allow-Headers: Content-Type, api_key, Authorization
Server: Jetty(9.2.9.v20150224)

{
    "code": 200,
    "type": "unknown",
    "message": "user1"
}
Name of test method sucessfully executed:testDeleteUser
]]></system-out>
  </testcase>
  <testcase name="testDeleteUser[user2](2)" classname="api.testcases.UserTestDD" time="1.289">
    <system-out><![CDATA[Name of test method started:testDeleteUser
Delete User Data
HTTP/1.1 200 OK
Date: Sat, 13 Dec 2025 02:57:25 GMT
Content-Type: application/json
Transfer-Encoding: chunked
Connection: keep-alive
Access-Control-Allow-Origin: *
Access-Control-Allow-Methods: GET, POST, DELETE, PUT
Access-Control-Allow-Headers: Content-Type, api_key, Authorization
Server: Jetty(9.2.9.v20150224)

{
    "code": 200,
    "type": "unknown",
    "message": "user2"
}
Name of test method sucessfully executed:testDeleteUser
]]></system-out>
  </testcase>
  <testcase name="testDeleteUser[user3](3)" classname="api.testcases.UserTestDD" time="1.256">
    <system-out><![CDATA[Name of test method started:testDeleteUser
Delete User Data
HTTP/1.1 200 OK
Date: Sat, 13 Dec 2025 02:57:26 GMT
Content-Type: application/json
Transfer-Encoding: chunked
Connection: keep-alive
Access-Control-Allow-Origin: *
Access-Control-Allow-Methods: GET, POST, DELETE, PUT
Access-Control-Allow-Headers: Content-Type, api_key, Authorization
Server: Jetty(9.2.9.v20150224)

{
    "code": 200,
    "type": "unknown",
    "message": "user3"
}
Name of test method sucessfully executed:testDeleteUser
]]></system-out>
  </testcase>
  <testcase name="testDeleteUser[user4](4)" classname="api.testcases.UserTestDD" time="1.483">
    <system-out><![CDATA[Name of test method started:testDeleteUser
Delete User Data
HTTP/1.1 200 OK
Date: Sat, 13 Dec 2025 02:57:27 GMT
Content-Type: application/json
Transfer-Encoding: chunked
Connection: keep-alive
Access-Control-Allow-Origin: *
Access-Control-Allow-Methods: GET, POST, DELETE, PUT
Access-Control-Allow-Headers: Content-Type, api_key, Authorization
Server: Jetty(9.2.9.v20150224)

{
    "code": 200,
    "type": "unknown",
    "message": "user4"
}
Name of test method sucessfully executed:testDeleteUser
]]></system-out>
  </testcase>
</testsuite>