<?xml version="1.0" encoding="UTF-8"?>
<testsuite xmlns:xsi="http://www.w3.org/2001/XMLSchema-instance" xsi:noNamespaceSchemaLocation="https://maven.apache.org/surefire/maven-surefire-plugin/xsd/surefire-test-report.xsd" version="3.0.2" name="TestSuite" time="10.557" tests="4" errors="0" skipped="0" failures="0">
  <properties>
[...]
</properties>
  <testcase name="testCreateUser" classname="api.testcases.UserTest" time="3.078">
    <system-out><![CDATA[On Start method invoked....
Name of test method started:testCreateUser
HTTP/1.1 200 OK
Date: Sat, 13 Dec 2025 01:52:42 GMT
Content-Type: application/json
Transfer-Encoding: chunked
Connection: keep-alive
Access-Control-Allow-Origin: *
Access-Control-Allow-Methods: GET, POST, DELETE, PUT
Access-Control-Allow-Headers: Content-Type, api_key, Authorization
Server: Jetty(9.2.9.v20150224)

{
    "code": 200,
    "type": "unknown",
    "message": "1634387050"
}
[INFO ] 2025-12-13 07:22:44.535 [main] RestAssuredAutomationFramework - Create User executed
Name of test method sucessfully executed:testCreateUser
]]></system-out>
    <system-err><![CDATA[SLF4J(W): No SLF4J providers were found.
SLF4J(W): Defaulting to no-operation (NOP) logger implementation
SLF4J(W): See https://www.slf4j.org/codes.html#noProviders for further details.
]]></system-err>
  </testcase>
  <testcase name="testGetUser" classname="api.testcases.UserTest" time="1.569">
    <system-out><![CDATA[Name of test method started:testGetUser
Read User Data
HTTP/1.1 200 OK
Date: Sat, 13 Dec 2025 01:52:44 GMT
Content-Type: application/json
Transfer-Encoding: chunked
Connection: keep-alive
Access-Control-Allow-Origin: *
Access-Control-Allow-Methods: GET, POST, DELETE, PUT
Access-Control-Allow-Headers: Content-Type, api_key, Authorization
Server: Jetty(9.2.9.v20150224)

{
    "id": 1634387050,
    "username": "lorenzo.jerde",
    "firstName": "Mitzie",
    "lastName": "Lind",
    "email": "dominque.smith@example.com",
    "password": "f0vj53zqb",
    "phone": "1-469-325-0593",
    "userStatus": 0
}
[INFO ] 2025-12-13 07:22:46.092 [main] RestAssuredAutomationFramework - Get User executed
Name of test method sucessfully executed:testGetUser
]]></system-out>
  </testcase>
  <testcase name="testUpdateUser" classname="api.testcases.UserTest" time="2.867">
    <system-out><![CDATA[Name of test method started:testUpdateUser
HTTP/1.1 200 OK
Date: Sat, 13 Dec 2025 01:52:45 GMT
Content-Type: application/json
Transfer-Encoding: chunked
Connection: keep-alive
Access-Control-Allow-Origin: *
Access-Control-Allow-Methods: GET, POST, DELETE, PUT
Access-Control-Allow-Headers: Content-Type, api_key, Authorization
Server: Jetty(9.2.9.v20150224)

{
    "code": 200,
    "type": "unknown",
    "message": "1634387050"
}
After Update User Data
HTTP/1.1 200 OK
Date: Sat, 13 Dec 2025 01:52:47 GMT
Content-Type: application/json
Transfer-Encoding: chunked
Connection: keep-alive
Access-Control-Allow-Origin: *
Access-Control-Allow-Methods: GET, POST, DELETE, PUT
Access-Control-Allow-Headers: Content-Type, api_key, Authorization
Server: Jetty(9.2.9.v20150224)

{
    "id": 1634387050,
    "username": "lorenzo.jerde",
    "firstName": "Mertie",
    "lastName": "Lind",
    "email": "dominque.smith@example.com",
    "password": "f0vj53zqb",
    "phone": "1-469-325-0593",
    "userStatus": 0
}
[INFO ] 2025-12-13 07:22:48.969 [main] RestAssuredAutomationFramework - Update User executed
Name of test method sucessfully executed:testUpdateUser
]]></system-out>
  </testcase>
  <testcase name="testDeleteUser" classname="api.testcases.UserTest" time="1.45">
    <system-out><![CDATA[Name of test method started:testDeleteUser
Delete User Data
HTTP/1.1 200 OK
Date: Sat, 13 Dec 2025 01:52:48 GMT
Content-Type: application/json
Transfer-Encoding: chunked
Connection: keep-alive
Access-Control-Allow-Origin: *
Access-Control-Allow-Methods: GET, POST, DELETE, PUT
Access-Control-Allow-Headers: Content-Type, api_key, Authorization
Server: Jetty(9.2.9.v20150224)

{
    "code": 200,
    "type": "unknown",
    "message": "lorenzo.jerde"
}
[INFO ] 2025-12-13 07:22:50.389 [main] RestAssuredAutomationFramework - Delete User executed
Name of test method sucessfully executed:testDeleteUser
]]></system-out>
  </testcase>
</testsuite>