<?xml version="1.0" encoding="UTF-8"?>
<!-- Generated by org.testng.reporters.JUnitReportReporter -->
<testsuite hostname="LAPTOP-J1RFS02R" failures="0" tests="4" name="api.testcases.UserTest" time="9.054" errors="0" timestamp="2025-12-12T15:55:01 IST" skipped="0">
  <testcase classname="api.testcases.UserTest" name="testCreateUser" time="3.478"/>
  <testcase classname="api.testcases.UserTest" name="testGetUser" time="1.410"/>
  <testcase classname="api.testcases.UserTest" name="testUpdateUser" time="2.699"/>
  <testcase classname="api.testcases.UserTest" name="testDeleteUser" time="1.467"/>
</testsuite> <!-- api.testcases.UserTest -->
