<?xml version="1.0" encoding="UTF-8"?>
<!-- Generated by org.testng.reporters.JUnitReportReporter -->
<testsuite hostname="LAPTOP-J1RFS02R" failures="0" tests="12" name="api.testcases.UserTestDD" time="14.431" errors="0" timestamp="2025-12-13T02:28:44 IST" skipped="0">
  <testcase classname="api.testcases.UserTestDD" name="testCreateUser" time="1.192"/>
  <testcase classname="api.testcases.UserTestDD" name="testCreateUser" time="1.216"/>
  <testcase classname="api.testcases.UserTestDD" name="testCreateUser" time="1.201"/>
  <testcase classname="api.testcases.UserTestDD" name="testCreateUser" time="1.201"/>
  <testcase classname="api.testcases.UserTestDD" name="testGetUser" time="1.158"/>
  <testcase classname="api.testcases.UserTestDD" name="testGetUser" time="1.188"/>
  <testcase classname="api.testcases.UserTestDD" name="testGetUser" time="1.177"/>
  <testcase classname="api.testcases.UserTestDD" name="testGetUser" time="1.217"/>
  <testcase classname="api.testcases.UserTestDD" name="testDeleteUser" time="1.159"/>
  <testcase classname="api.testcases.UserTestDD" name="testDeleteUser" time="1.263"/>
  <testcase classname="api.testcases.UserTestDD" name="testDeleteUser" time="1.231"/>
  <testcase classname="api.testcases.UserTestDD" name="testDeleteUser" time="1.228"/>
</testsuite> <!-- api.testcases.UserTestDD -->
