<?xml version="1.0" encoding="UTF-8"?>
<!-- Generated by org.testng.reporters.JUnitReportReporter -->
<testsuite hostname="LAPTOP-J1RFS02R" failures="0" tests="4" name="api.testcases.UserTest" time="9.216" errors="0" timestamp="2025-12-13T03:09:05 IST" skipped="0">
  <testcase classname="api.testcases.UserTest" name="testCreateUser" time="3.065"/>
  <testcase classname="api.testcases.UserTest" name="testGetUser" time="1.563"/>
  <testcase classname="api.testcases.UserTest" name="testUpdateUser" time="3.057"/>
  <testcase classname="api.testcases.UserTest" name="testDeleteUser" time="1.531"/>
</testsuite> <!-- api.testcases.UserTest -->
