<?xml version="1.0" encoding="UTF-8"?>
<!-- Generated by org.testng.reporters.JUnitReportReporter -->
<testsuite hostname="LAPTOP-J1RFS02R" failures="0" tests="4" name="api.testcases.UserTest" time="8.887" errors="0" timestamp="2025-12-13T08:21:45 IST" skipped="0">
  <testcase classname="api.testcases.UserTest" name="testCreateUser" time="2.939"/>
  <testcase classname="api.testcases.UserTest" name="testGetUser" time="1.481"/>
  <testcase classname="api.testcases.UserTest" name="testUpdateUser" time="3.041"/>
  <testcase classname="api.testcases.UserTest" name="testDeleteUser" time="1.426"/>
</testsuite> <!-- api.testcases.UserTest -->
