<?xml version="1.0" encoding="UTF-8"?>
<!-- Generated by org.testng.reporters.JUnitReportReporter -->
<testsuite hostname="LAPTOP-J1RFS02R" failures="0" tests="12" name="api.testcases.UserTestDD" time="18.007" errors="0" timestamp="2025-12-13T08:21:45 IST" skipped="0">
  <testcase classname="api.testcases.UserTestDD" name="testCreateUser" time="1.531"/>
  <testcase classname="api.testcases.UserTestDD" name="testCreateUser" time="1.513"/>
  <testcase classname="api.testcases.UserTestDD" name="testCreateUser" time="1.450"/>
  <testcase classname="api.testcases.UserTestDD" name="testCreateUser" time="1.550"/>
  <testcase classname="api.testcases.UserTestDD" name="testGetUser" time="1.529"/>
  <testcase classname="api.testcases.UserTestDD" name="testGetUser" time="1.525"/>
  <testcase classname="api.testcases.UserTestDD" name="testGetUser" time="1.530"/>
  <testcase classname="api.testcases.UserTestDD" name="testGetUser" time="1.540"/>
  <testcase classname="api.testcases.UserTestDD" name="testDeleteUser" time="1.440"/>
  <testcase classname="api.testcases.UserTestDD" name="testDeleteUser" time="1.431"/>
  <testcase classname="api.testcases.UserTestDD" name="testDeleteUser" time="1.536"/>
  <testcase classname="api.testcases.UserTestDD" name="testDeleteUser" time="1.432"/>
</testsuite> <!-- api.testcases.UserTestDD -->
