<?xml version="1.0" encoding="UTF-8"?>
<!-- Generated by org.testng.reporters.JUnitReportReporter -->
<testsuite hostname="LAPTOP-J1RFS02R" failures="0" tests="12" name="api.testcases.UserTestDD" time="18.087" errors="0" timestamp="2025-12-13T07:11:06 IST" skipped="0">
  <testcase classname="api.testcases.UserTestDD" name="testCreateUser" time="1.532"/>
  <testcase classname="api.testcases.UserTestDD" name="testCreateUser" time="1.528"/>
  <testcase classname="api.testcases.UserTestDD" name="testCreateUser" time="1.436"/>
  <testcase classname="api.testcases.UserTestDD" name="testCreateUser" time="1.547"/>
  <testcase classname="api.testcases.UserTestDD" name="testGetUser" time="1.537"/>
  <testcase classname="api.testcases.UserTestDD" name="testGetUser" time="1.432"/>
  <testcase classname="api.testcases.UserTestDD" name="testGetUser" time="1.542"/>
  <testcase classname="api.testcases.UserTestDD" name="testGetUser" time="1.537"/>
  <testcase classname="api.testcases.UserTestDD" name="testDeleteUser" time="1.537"/>
  <testcase classname="api.testcases.UserTestDD" name="testDeleteUser" time="1.391"/>
  <testcase classname="api.testcases.UserTestDD" name="testDeleteUser" time="1.536"/>
  <testcase classname="api.testcases.UserTestDD" name="testDeleteUser" time="1.532"/>
</testsuite> <!-- api.testcases.UserTestDD -->
